<?xml version="1.0" encoding="UTF-8"?>
<!-- Generated by org.testng.reporters.JUnitReportReporter -->
<testsuite skipped="0" hostname="sivaranjanis-MacBook-Pro.local" name="Demo.MydutiesLogin" tests="1" failures="0" timestamp="09 May 2019 07:37:11 GMT" time="20.417" errors="0">
  <testcase name="f" time="20.417" classname="Demo.MydutiesLogin"/>
</testsuite> <!-- Demo.MydutiesLogin -->
