<?xml version="1.0" encoding="UTF-8"?>
<!-- Generated by org.testng.reporters.JUnitReportReporter -->
<testsuite skipped="0" hostname="sivaranjanis-MacBook-Pro.local" name="Demo.MyDutiesDemo" tests="1" failures="0" timestamp="09 May 2019 12:31:39 GMT" time="137.986" errors="0">
  <testcase name="Demo" time="137.986" classname="Demo.MyDutiesDemo"/>
</testsuite> <!-- Demo.MyDutiesDemo -->
